{"level":"info","message":"User registered successfully:","timestamp":"2024-08-12T14:04:58.900Z","username":"testuser"}
{"details":[{"context":{"key":"username","label":"username","value":2222},"message":"\"username\" must be a string","path":["username"],"type":"string.base"}],"level":"warn","message":"Invalid login request:","timestamp":"2024-08-12T14:08:17.263Z"}
{"level":"warn","message":"Authentication failed: Invalid username or password.","timestamp":"2024-08-12T14:12:12.174Z","username":"user"}
{"error":"Invalid username or password","level":"error","message":"Error authenticating user:","timestamp":"2024-08-12T14:12:12.174Z","username":"user"}
{"error":"Error authenticating user","level":"error","message":"Login error:","timestamp":"2024-08-12T14:12:12.175Z"}
{"details":[{"context":{"key":"username","label":"username","value":111},"message":"\"username\" must be a string","path":["username"],"type":"string.base"}],"level":"warn","message":"Invalid login request:","timestamp":"2024-08-12T14:12:23.944Z"}
{"level":"warn","message":"Authentication failed: Invalid username or password.","timestamp":"2024-08-12T14:12:52.192Z","username":"testuser"}
{"error":"Invalid username or password","level":"error","message":"Error authenticating user:","timestamp":"2024-08-12T14:12:52.193Z","username":"testuser"}
{"error":"Error authenticating user","level":"error","message":"Login error:","timestamp":"2024-08-12T14:12:52.193Z"}
{"level":"warn","message":"Authentication failed: Invalid username or password.","timestamp":"2024-08-12T14:12:53.643Z","username":"testuser"}
{"error":"Invalid username or password","level":"error","message":"Error authenticating user:","timestamp":"2024-08-12T14:12:53.643Z","username":"testuser"}
{"error":"Error authenticating user","level":"error","message":"Login error:","timestamp":"2024-08-12T14:12:53.644Z"}
{"level":"info","message":"User registered successfully:","timestamp":"2024-08-12T14:13:17.412Z","username":"testuser"}
{"error":"Error inserting user into the database","level":"error","message":"Error registering user:","timestamp":"2024-08-12T14:13:20.082Z","username":"testuser"}
{"error":"Error registering user","level":"error","message":"Registration error:","timestamp":"2024-08-12T14:13:20.082Z"}
{"error":"Error inserting user into the database","level":"error","message":"Error registering user:","timestamp":"2024-08-12T14:13:23.467Z","username":"testuser"}
{"error":"Error registering user","level":"error","message":"Registration error:","timestamp":"2024-08-12T14:13:23.467Z"}
{"error":"Error inserting user into the database","level":"error","message":"Error registering user:","timestamp":"2024-08-12T14:13:24.323Z","username":"testuser"}
{"error":"Error registering user","level":"error","message":"Registration error:","timestamp":"2024-08-12T14:13:24.323Z"}
{"error":"Error inserting user into the database","level":"error","message":"Error registering user:","timestamp":"2024-08-12T14:13:25.290Z","username":"testuser"}
{"error":"Error registering user","level":"error","message":"Registration error:","timestamp":"2024-08-12T14:13:25.291Z"}
{"level":"warn","message":"Authentication failed: Invalid username or password.","timestamp":"2024-08-12T14:13:32.941Z","username":"r"}
{"error":"Invalid username or password","level":"error","message":"Error authenticating user:","timestamp":"2024-08-12T14:13:32.941Z","username":"r"}
{"error":"Error authenticating user","level":"error","message":"Login error:","timestamp":"2024-08-12T14:13:32.941Z"}
{"level":"warn","message":"Authentication failed: Invalid username or password.","timestamp":"2024-08-12T14:13:34.586Z","username":"r"}
{"error":"Invalid username or password","level":"error","message":"Error authenticating user:","timestamp":"2024-08-12T14:13:34.586Z","username":"r"}
{"error":"Error authenticating user","level":"error","message":"Login error:","timestamp":"2024-08-12T14:13:34.586Z"}
{"level":"info","message":"User authenticated successfully:","timestamp":"2024-08-12T14:13:38.189Z","username":"testuser"}
{"level":"error","message":"Authorization header missing","timestamp":"2024-08-12T14:13:54.587Z"}
{"error":"jwt expired","level":"error","message":"Invalid or expired token","timestamp":"2024-08-12T14:14:03.595Z"}
{"error":"invalid signature","level":"error","message":"Invalid or expired token","timestamp":"2024-08-12T14:14:12.881Z"}
{"error":"invalid signature","level":"error","message":"Invalid or expired token","timestamp":"2024-08-12T14:14:19.581Z"}
{"error":"invalid signature","level":"error","message":"Invalid or expired token","timestamp":"2024-08-12T14:15:13.391Z"}
{"level":"error","message":"Authorization header missing","timestamp":"2024-08-12T14:15:23.842Z"}
{"level":"error","message":"Authorization header missing","timestamp":"2024-08-12T14:15:25.559Z"}
{"error":"Error inserting user into the database","level":"error","message":"Error registering user:","timestamp":"2024-08-12T14:29:21.110Z","username":"testuser"}
{"error":"Error registering user","level":"error","message":"Registration error:","timestamp":"2024-08-12T14:29:21.111Z"}
{"error":"Error inserting user into the database","level":"error","message":"Error registering user:","timestamp":"2024-08-12T14:30:28.497Z","username":"testuser"}
{"error":"Error registering user","level":"error","message":"Registration error:","timestamp":"2024-08-12T14:30:28.498Z"}
{"level":"info","message":"User authenticated successfully:","timestamp":"2024-08-12T14:32:07.988Z","username":"testuser"}
{"level":"info","message":"User authenticated successfully:","timestamp":"2024-08-12T14:32:09.710Z","username":"testuser"}
{"level":"warn","message":"Authentication failed: Invalid username or password.","timestamp":"2024-08-12T14:32:29.099Z","username":"testuser"}
{"error":"Invalid username or password","level":"error","message":"Error authenticating user:","timestamp":"2024-08-12T14:32:29.099Z","username":"testuser"}
{"error":"Error authenticating user","level":"error","message":"Login error:","timestamp":"2024-08-12T14:32:29.100Z"}
{"level":"error","message":"Authorization header missing","timestamp":"2024-08-12T14:37:49.107Z"}
